15.09.2021 14:12:03.897 [main] [ERROR] [org.springframework.boot.diagnostics.LoggingFailureAnalysisReporter:40] - 

***************************
APPLICATION FAILED TO START
***************************

Description:

No spring.config.import property has been defined

Action:

Add a spring.config.import=zookeeper: property to your configuration.
	If configuration is not required add spring.config.import=optional:zookeeper: instead.
	To disable this check, set spring.cloud.zookeeper.config.enabled=false or 
	spring.cloud.zookeeper.config.import-check.enabled=false.

15.09.2021 14:13:02.193 [background-preinit] [INFO ] [org.hibernate.validator.internal.util.Version:21] - HV000001: Hibernate Validator 6.2.0.Final
15.09.2021 14:13:02.198 [main] [INFO ] [org.javamentor.producer.ProducerApplication:55] - Starting ProducerApplication using Java 16.0.1 on DESKTOP-PFC6VVA with PID 3596 (C:\Users\elskemp\IdeaProjects\2021\jm_social_project_micro\Microservices\kafka-docker\producer\target\classes started by elskemp in C:\Users\elskemp\IdeaProjects\2021\jm_social_project_micro)
15.09.2021 14:13:02.199 [main] [INFO ] [org.javamentor.producer.ProducerApplication:659] - No active profile set, falling back to default profiles: default
15.09.2021 14:13:03.280 [main] [INFO ] [org.springframework.cloud.context.scope.GenericScope:283] - BeanFactory id=42b2118a-4774-3fd8-bcfc-769677b1b3d4
15.09.2021 14:13:03.302 [main] [INFO ] [org.springframework.integration.config.DefaultConfiguringBeanFactoryPostProcessor:292] - No bean named 'errorChannel' has been explicitly defined. Therefore, a default PublishSubscribeChannel will be created.
15.09.2021 14:13:03.317 [main] [INFO ] [org.springframework.integration.config.DefaultConfiguringBeanFactoryPostProcessor:292] - No bean named 'integrationHeaderChannelRegistry' has been explicitly defined. Therefore, a default DefaultHeaderChannelRegistry will be created.
15.09.2021 14:13:03.392 [main] [INFO ] [org.springframework.context.support.PostProcessorRegistrationDelegate$BeanPostProcessorChecker:376] - Bean 'integrationChannelResolver' of type [org.springframework.integration.support.channel.BeanFactoryChannelResolver] is not eligible for getting processed by all BeanPostProcessors (for example: not eligible for auto-proxying)
15.09.2021 14:13:03.397 [main] [INFO ] [org.springframework.context.support.PostProcessorRegistrationDelegate$BeanPostProcessorChecker:376] - Bean 'integrationDisposableAutoCreatedBeans' of type [org.springframework.integration.config.annotation.Disposables] is not eligible for getting processed by all BeanPostProcessors (for example: not eligible for auto-proxying)
15.09.2021 14:13:03.407 [main] [INFO ] [org.springframework.context.support.PostProcessorRegistrationDelegate$BeanPostProcessorChecker:376] - Bean 'org.springframework.integration.config.IntegrationManagementConfiguration' of type [org.springframework.integration.config.IntegrationManagementConfiguration] is not eligible for getting processed by all BeanPostProcessors (for example: not eligible for auto-proxying)
15.09.2021 14:13:03.412 [main] [INFO ] [org.springframework.context.support.PostProcessorRegistrationDelegate$BeanPostProcessorChecker:376] - Bean 'org.springframework.boot.autoconfigure.integration.IntegrationAutoConfiguration$IntegrationJmxConfiguration' of type [org.springframework.boot.autoconfigure.integration.IntegrationAutoConfiguration$IntegrationJmxConfiguration] is not eligible for getting processed by all BeanPostProcessors (for example: not eligible for auto-proxying)
15.09.2021 14:13:03.422 [main] [INFO ] [org.springframework.context.support.PostProcessorRegistrationDelegate$BeanPostProcessorChecker:376] - Bean 'org.springframework.boot.autoconfigure.jmx.JmxAutoConfiguration' of type [org.springframework.boot.autoconfigure.jmx.JmxAutoConfiguration] is not eligible for getting processed by all BeanPostProcessors (for example: not eligible for auto-proxying)
15.09.2021 14:13:03.426 [main] [INFO ] [org.springframework.context.support.PostProcessorRegistrationDelegate$BeanPostProcessorChecker:376] - Bean 'mbeanServer' of type [com.sun.jmx.mbeanserver.JmxMBeanServer] is not eligible for getting processed by all BeanPostProcessors (for example: not eligible for auto-proxying)
15.09.2021 14:13:03.714 [main] [INFO ] [org.springframework.boot.web.embedded.tomcat.TomcatWebServer:108] - Tomcat initialized with port(s): 9192 (http)
15.09.2021 14:13:03.727 [main] [INFO ] [org.apache.coyote.http11.Http11NioProtocol:173] - Initializing ProtocolHandler ["http-nio-9192"]
15.09.2021 14:13:03.727 [main] [INFO ] [org.apache.catalina.core.StandardService:173] - Starting service [Tomcat]
15.09.2021 14:13:03.728 [main] [INFO ] [org.apache.catalina.core.StandardEngine:173] - Starting Servlet engine: [Apache Tomcat/9.0.52]
15.09.2021 14:13:03.883 [main] [INFO ] [org.apache.catalina.core.ContainerBase.[Tomcat].[localhost].[/]:173] - Initializing Spring embedded WebApplicationContext
15.09.2021 14:13:03.884 [main] [INFO ] [org.springframework.boot.web.servlet.context.ServletWebServerApplicationContext:290] - Root WebApplicationContext: initialization completed in 1617 ms
15.09.2021 14:13:04.182 [main] [INFO ] [org.apache.kafka.clients.producer.ProducerConfig:361] - ProducerConfig values: 
	acks = 1
	batch.size = 16384
	bootstrap.servers = [localhost:9092]
	buffer.memory = 33554432
	client.dns.lookup = use_all_dns_ips
	client.id = producer-1
	compression.type = none
	connections.max.idle.ms = 540000
	delivery.timeout.ms = 120000
	enable.idempotence = false
	interceptor.classes = []
	internal.auto.downgrade.txn.commit = true
	key.serializer = class org.apache.kafka.common.serialization.ByteArraySerializer
	linger.ms = 0
	max.block.ms = 60000
	max.in.flight.requests.per.connection = 5
	max.request.size = 1048576
	metadata.max.age.ms = 300000
	metadata.max.idle.ms = 300000
	metric.reporters = []
	metrics.num.samples = 2
	metrics.recording.level = INFO
	metrics.sample.window.ms = 30000
	partitioner.class = class org.apache.kafka.clients.producer.internals.DefaultPartitioner
	receive.buffer.bytes = 32768
	reconnect.backoff.max.ms = 1000
	reconnect.backoff.ms = 50
	request.timeout.ms = 30000
	retries = 2147483647
	retry.backoff.ms = 100
	sasl.client.callback.handler.class = null
	sasl.jaas.config = null
	sasl.kerberos.kinit.cmd = /usr/bin/kinit
	sasl.kerberos.min.time.before.relogin = 60000
	sasl.kerberos.service.name = null
	sasl.kerberos.ticket.renew.jitter = 0.05
	sasl.kerberos.ticket.renew.window.factor = 0.8
	sasl.login.callback.handler.class = null
	sasl.login.class = null
	sasl.login.refresh.buffer.seconds = 300
	sasl.login.refresh.min.period.seconds = 60
	sasl.login.refresh.window.factor = 0.8
	sasl.login.refresh.window.jitter = 0.05
	sasl.mechanism = GSSAPI
	security.protocol = PLAINTEXT
	security.providers = null
	send.buffer.bytes = 131072
	socket.connection.setup.timeout.max.ms = 127000
	socket.connection.setup.timeout.ms = 10000
	ssl.cipher.suites = null
	ssl.enabled.protocols = [TLSv1.2, TLSv1.3]
	ssl.endpoint.identification.algorithm = https
	ssl.engine.factory.class = null
	ssl.key.password = null
	ssl.keymanager.algorithm = SunX509
	ssl.keystore.certificate.chain = null
	ssl.keystore.key = null
	ssl.keystore.location = null
	ssl.keystore.password = null
	ssl.keystore.type = JKS
	ssl.protocol = TLSv1.3
	ssl.provider = null
	ssl.secure.random.implementation = null
	ssl.trustmanager.algorithm = PKIX
	ssl.truststore.certificates = null
	ssl.truststore.location = null
	ssl.truststore.password = null
	ssl.truststore.type = JKS
	transaction.timeout.ms = 60000
	transactional.id = null
	value.serializer = class org.apache.kafka.common.serialization.ByteArraySerializer

15.09.2021 14:13:04.255 [main] [INFO ] [org.apache.kafka.common.utils.AppInfoParser:119] - Kafka version: 2.7.1
15.09.2021 14:13:04.256 [main] [INFO ] [org.apache.kafka.common.utils.AppInfoParser:120] - Kafka commitId: 61dbce85d0d41457
15.09.2021 14:13:04.256 [main] [INFO ] [org.apache.kafka.common.utils.AppInfoParser:121] - Kafka startTimeMs: 1631704384252
15.09.2021 14:13:04.709 [kafka-producer-network-thread | producer-1] [WARN ] [org.apache.kafka.clients.NetworkClient:1119] - [Producer clientId=producer-1] Error while fetching metadata with correlation id 1 : {mytopic=LEADER_NOT_AVAILABLE}
15.09.2021 14:13:04.711 [kafka-producer-network-thread | producer-1] [INFO ] [org.apache.kafka.clients.Metadata:279] - [Producer clientId=producer-1] Cluster ID: xIuHjwwUSa2RysTIFZFGwg
15.09.2021 14:13:04.814 [main] [WARN ] [org.springframework.boot.web.servlet.context.AnnotationConfigServletWebServerApplicationContext:591] - Exception encountered during context initialization - cancelling refresh attempt: org.springframework.beans.factory.BeanCreationException: Error creating bean with name 'producer': Invocation of init method failed; nested exception is org.apache.kafka.common.errors.SerializationException: Can't convert value of class java.lang.String to class org.apache.kafka.common.serialization.ByteArraySerializer specified in value.serializer
15.09.2021 14:13:04.814 [main] [INFO ] [org.apache.kafka.clients.producer.KafkaProducer:1205] - [Producer clientId=producer-1] Closing the Kafka producer with timeoutMillis = 30000 ms.
15.09.2021 14:13:04.821 [main] [INFO ] [org.apache.kafka.common.metrics.Metrics:668] - Metrics scheduler closed
15.09.2021 14:13:04.821 [main] [INFO ] [org.apache.kafka.common.metrics.Metrics:672] - Closing reporter org.apache.kafka.common.metrics.JmxReporter
15.09.2021 14:13:04.821 [main] [INFO ] [org.apache.kafka.common.metrics.Metrics:678] - Metrics reporters closed
15.09.2021 14:13:04.822 [main] [INFO ] [org.apache.kafka.common.utils.AppInfoParser:83] - App info kafka.producer for producer-1 unregistered
15.09.2021 14:13:04.826 [main] [INFO ] [org.apache.catalina.core.StandardService:173] - Stopping service [Tomcat]
15.09.2021 14:13:04.843 [main] [INFO ] [org.springframework.boot.autoconfigure.logging.ConditionEvaluationReportLoggingListener:136] - 

Error starting ApplicationContext. To display the conditions report re-run your application with 'debug' enabled.
15.09.2021 14:13:04.865 [main] [ERROR] [org.springframework.boot.SpringApplication:843] - Application run failed
org.springframework.beans.factory.BeanCreationException: Error creating bean with name 'producer': Invocation of init method failed; nested exception is org.apache.kafka.common.errors.SerializationException: Can't convert value of class java.lang.String to class org.apache.kafka.common.serialization.ByteArraySerializer specified in value.serializer
	at org.springframework.beans.factory.annotation.InitDestroyAnnotationBeanPostProcessor.postProcessBeforeInitialization(InitDestroyAnnotationBeanPostProcessor.java:160)
	at org.springframework.beans.factory.support.AbstractAutowireCapableBeanFactory.applyBeanPostProcessorsBeforeInitialization(AbstractAutowireCapableBeanFactory.java:422)
	at org.springframework.beans.factory.support.AbstractAutowireCapableBeanFactory.initializeBean(AbstractAutowireCapableBeanFactory.java:1778)
	at org.springframework.beans.factory.support.AbstractAutowireCapableBeanFactory.doCreateBean(AbstractAutowireCapableBeanFactory.java:602)
	at org.springframework.beans.factory.support.AbstractAutowireCapableBeanFactory.createBean(AbstractAutowireCapableBeanFactory.java:524)
	at org.springframework.beans.factory.support.AbstractBeanFactory.lambda$doGetBean$0(AbstractBeanFactory.java:335)
	at org.springframework.beans.factory.support.DefaultSingletonBeanRegistry.getSingleton(DefaultSingletonBeanRegistry.java:234)
	at org.springframework.beans.factory.support.AbstractBeanFactory.doGetBean(AbstractBeanFactory.java:333)
	at org.springframework.beans.factory.support.AbstractBeanFactory.getBean(AbstractBeanFactory.java:208)
	at org.springframework.beans.factory.support.DefaultListableBeanFactory.preInstantiateSingletons(DefaultListableBeanFactory.java:944)
	at org.springframework.context.support.AbstractApplicationContext.finishBeanFactoryInitialization(AbstractApplicationContext.java:918)
	at org.springframework.context.support.AbstractApplicationContext.refresh(AbstractApplicationContext.java:583)
	at org.springframework.boot.web.servlet.context.ServletWebServerApplicationContext.refresh(ServletWebServerApplicationContext.java:145)
	at org.springframework.boot.SpringApplication.refresh(SpringApplication.java:754)
	at org.springframework.boot.SpringApplication.refreshContext(SpringApplication.java:434)
	at org.springframework.boot.SpringApplication.run(SpringApplication.java:338)
	at org.springframework.boot.SpringApplication.run(SpringApplication.java:1343)
	at org.springframework.boot.SpringApplication.run(SpringApplication.java:1332)
	at org.javamentor.producer.ProducerApplication.main(ProducerApplication.java:32)
Caused by: org.apache.kafka.common.errors.SerializationException: Can't convert value of class java.lang.String to class org.apache.kafka.common.serialization.ByteArraySerializer specified in value.serializer
Caused by: java.lang.ClassCastException: class java.lang.String cannot be cast to class [B (java.lang.String and [B are in module java.base of loader 'bootstrap')
	at org.apache.kafka.common.serialization.ByteArraySerializer.serialize(ByteArraySerializer.java:19)
	at org.apache.kafka.common.serialization.Serializer.serialize(Serializer.java:62)
	at org.apache.kafka.clients.producer.KafkaProducer.doSend(KafkaProducer.java:926)
	at org.apache.kafka.clients.producer.KafkaProducer.send(KafkaProducer.java:886)
	at org.springframework.kafka.core.DefaultKafkaProducerFactory$CloseSafeProducer.send(DefaultKafkaProducerFactory.java:864)
	at org.springframework.kafka.core.KafkaTemplate.doSend(KafkaTemplate.java:580)
	at org.springframework.kafka.core.KafkaTemplate.send(KafkaTemplate.java:380)
	at org.javamentor.producer.service.Producer.publishToTopic(Producer.java:19)
	at org.javamentor.producer.service.Producer.sendString(Producer.java:25)
	at java.base/jdk.internal.reflect.NativeMethodAccessorImpl.invoke0(Native Method)
	at java.base/jdk.internal.reflect.NativeMethodAccessorImpl.invoke(NativeMethodAccessorImpl.java:78)
	at java.base/jdk.internal.reflect.DelegatingMethodAccessorImpl.invoke(DelegatingMethodAccessorImpl.java:43)
	at java.base/java.lang.reflect.Method.invoke(Method.java:567)
	at org.springframework.beans.factory.annotation.InitDestroyAnnotationBeanPostProcessor$LifecycleElement.invoke(InitDestroyAnnotationBeanPostProcessor.java:389)
	at org.springframework.beans.factory.annotation.InitDestroyAnnotationBeanPostProcessor$LifecycleMetadata.invokeInitMethods(InitDestroyAnnotationBeanPostProcessor.java:333)
	at org.springframework.beans.factory.annotation.InitDestroyAnnotationBeanPostProcessor.postProcessBeforeInitialization(InitDestroyAnnotationBeanPostProcessor.java:157)
	at org.springframework.beans.factory.support.AbstractAutowireCapableBeanFactory.applyBeanPostProcessorsBeforeInitialization(AbstractAutowireCapableBeanFactory.java:422)
	at org.springframework.beans.factory.support.AbstractAutowireCapableBeanFactory.initializeBean(AbstractAutowireCapableBeanFactory.java:1778)
	at org.springframework.beans.factory.support.AbstractAutowireCapableBeanFactory.doCreateBean(AbstractAutowireCapableBeanFactory.java:602)
	at org.springframework.beans.factory.support.AbstractAutowireCapableBeanFactory.createBean(AbstractAutowireCapableBeanFactory.java:524)
	at org.springframework.beans.factory.support.AbstractBeanFactory.lambda$doGetBean$0(AbstractBeanFactory.java:335)
	at org.springframework.beans.factory.support.DefaultSingletonBeanRegistry.getSingleton(DefaultSingletonBeanRegistry.java:234)
	at org.springframework.beans.factory.support.AbstractBeanFactory.doGetBean(AbstractBeanFactory.java:333)
	at org.springframework.beans.factory.support.AbstractBeanFactory.getBean(AbstractBeanFactory.java:208)
	at org.springframework.beans.factory.support.DefaultListableBeanFactory.preInstantiateSingletons(DefaultListableBeanFactory.java:944)
	at org.springframework.context.support.AbstractApplicationContext.finishBeanFactoryInitialization(AbstractApplicationContext.java:918)
	at org.springframework.context.support.AbstractApplicationContext.refresh(AbstractApplicationContext.java:583)
	at org.springframework.boot.web.servlet.context.ServletWebServerApplicationContext.refresh(ServletWebServerApplicationContext.java:145)
	at org.springframework.boot.SpringApplication.refresh(SpringApplication.java:754)
	at org.springframework.boot.SpringApplication.refreshContext(SpringApplication.java:434)
	at org.springframework.boot.SpringApplication.run(SpringApplication.java:338)
	at org.springframework.boot.SpringApplication.run(SpringApplication.java:1343)
	at org.springframework.boot.SpringApplication.run(SpringApplication.java:1332)
	at org.javamentor.producer.ProducerApplication.main(ProducerApplication.java:32)
15.09.2021 14:14:38.407 [main] [INFO ] [org.javamentor.producer.ProducerApplication:55] - Starting ProducerApplication using Java 16.0.1 on DESKTOP-PFC6VVA with PID 14872 (C:\Users\elskemp\IdeaProjects\2021\jm_social_project_micro\Microservices\kafka-docker\producer\target\classes started by elskemp in C:\Users\elskemp\IdeaProjects\2021\jm_social_project_micro)
15.09.2021 14:14:38.407 [background-preinit] [INFO ] [org.hibernate.validator.internal.util.Version:21] - HV000001: Hibernate Validator 6.2.0.Final
15.09.2021 14:14:38.409 [main] [INFO ] [org.javamentor.producer.ProducerApplication:659] - No active profile set, falling back to default profiles: default
15.09.2021 14:14:39.295 [main] [INFO ] [org.springframework.cloud.context.scope.GenericScope:283] - BeanFactory id=69a78fd1-06d4-38cf-9024-8f8ec595d47d
15.09.2021 14:14:39.314 [main] [INFO ] [org.springframework.integration.config.DefaultConfiguringBeanFactoryPostProcessor:292] - No bean named 'errorChannel' has been explicitly defined. Therefore, a default PublishSubscribeChannel will be created.
15.09.2021 14:14:39.325 [main] [INFO ] [org.springframework.integration.config.DefaultConfiguringBeanFactoryPostProcessor:292] - No bean named 'integrationHeaderChannelRegistry' has been explicitly defined. Therefore, a default DefaultHeaderChannelRegistry will be created.
15.09.2021 14:14:39.391 [main] [INFO ] [org.springframework.context.support.PostProcessorRegistrationDelegate$BeanPostProcessorChecker:376] - Bean 'integrationChannelResolver' of type [org.springframework.integration.support.channel.BeanFactoryChannelResolver] is not eligible for getting processed by all BeanPostProcessors (for example: not eligible for auto-proxying)
15.09.2021 14:14:39.396 [main] [INFO ] [org.springframework.context.support.PostProcessorRegistrationDelegate$BeanPostProcessorChecker:376] - Bean 'integrationDisposableAutoCreatedBeans' of type [org.springframework.integration.config.annotation.Disposables] is not eligible for getting processed by all BeanPostProcessors (for example: not eligible for auto-proxying)
15.09.2021 14:14:39.405 [main] [INFO ] [org.springframework.context.support.PostProcessorRegistrationDelegate$BeanPostProcessorChecker:376] - Bean 'org.springframework.integration.config.IntegrationManagementConfiguration' of type [org.springframework.integration.config.IntegrationManagementConfiguration] is not eligible for getting processed by all BeanPostProcessors (for example: not eligible for auto-proxying)
15.09.2021 14:14:39.410 [main] [INFO ] [org.springframework.context.support.PostProcessorRegistrationDelegate$BeanPostProcessorChecker:376] - Bean 'org.springframework.boot.autoconfigure.integration.IntegrationAutoConfiguration$IntegrationJmxConfiguration' of type [org.springframework.boot.autoconfigure.integration.IntegrationAutoConfiguration$IntegrationJmxConfiguration] is not eligible for getting processed by all BeanPostProcessors (for example: not eligible for auto-proxying)
15.09.2021 14:14:39.416 [main] [INFO ] [org.springframework.context.support.PostProcessorRegistrationDelegate$BeanPostProcessorChecker:376] - Bean 'org.springframework.boot.autoconfigure.jmx.JmxAutoConfiguration' of type [org.springframework.boot.autoconfigure.jmx.JmxAutoConfiguration] is not eligible for getting processed by all BeanPostProcessors (for example: not eligible for auto-proxying)
15.09.2021 14:14:39.420 [main] [INFO ] [org.springframework.context.support.PostProcessorRegistrationDelegate$BeanPostProcessorChecker:376] - Bean 'mbeanServer' of type [com.sun.jmx.mbeanserver.JmxMBeanServer] is not eligible for getting processed by all BeanPostProcessors (for example: not eligible for auto-proxying)
15.09.2021 14:14:39.682 [main] [INFO ] [org.springframework.boot.web.embedded.tomcat.TomcatWebServer:108] - Tomcat initialized with port(s): 9192 (http)
15.09.2021 14:14:39.691 [main] [INFO ] [org.apache.coyote.http11.Http11NioProtocol:173] - Initializing ProtocolHandler ["http-nio-9192"]
15.09.2021 14:14:39.691 [main] [INFO ] [org.apache.catalina.core.StandardService:173] - Starting service [Tomcat]
15.09.2021 14:14:39.692 [main] [INFO ] [org.apache.catalina.core.StandardEngine:173] - Starting Servlet engine: [Apache Tomcat/9.0.52]
15.09.2021 14:14:39.844 [main] [INFO ] [org.apache.catalina.core.ContainerBase.[Tomcat].[localhost].[/]:173] - Initializing Spring embedded WebApplicationContext
15.09.2021 14:14:39.844 [main] [INFO ] [org.springframework.boot.web.servlet.context.ServletWebServerApplicationContext:290] - Root WebApplicationContext: initialization completed in 1378 ms
15.09.2021 14:14:40.570 [main] [INFO ] [org.springframework.cloud.stream.function.FunctionConfiguration$FunctionBindingRegistrar:844] - Functional binding is disabled due to the presense of @EnableBinding annotation in your configuration
15.09.2021 14:14:40.851 [main] [INFO ] [org.springframework.integration.monitor.IntegrationMBeanExporter:682] - Registering MessageChannel output
15.09.2021 14:14:40.904 [main] [INFO ] [org.springframework.integration.monitor.IntegrationMBeanExporter:682] - Registering MessageChannel errorChannel
15.09.2021 14:14:40.933 [main] [INFO ] [org.springframework.integration.monitor.IntegrationMBeanExporter:682] - Registering MessageChannel nullChannel
15.09.2021 14:14:40.944 [main] [INFO ] [org.springframework.integration.monitor.IntegrationMBeanExporter:700] - Registering MessageHandler _org.springframework.integration.errorLogger
15.09.2021 14:14:40.990 [main] [INFO ] [org.springframework.integration.endpoint.EventDrivenConsumer:174] - Adding {logging-channel-adapter:_org.springframework.integration.errorLogger} as a subscriber to the 'errorChannel' channel
15.09.2021 14:14:40.990 [main] [INFO ] [org.springframework.integration.channel.PublishSubscribeChannel:174] - Channel 'application.errorChannel' has 1 subscriber(s).
15.09.2021 14:14:40.991 [main] [INFO ] [org.springframework.integration.endpoint.EventDrivenConsumer:292] - started bean '_org.springframework.integration.errorLogger'
15.09.2021 14:14:40.991 [main] [INFO ] [org.springframework.cloud.stream.binder.DefaultBinderFactory:252] - Creating binder: kafka
15.09.2021 14:14:41.107 [main] [INFO ] [org.springframework.cloud.stream.binder.DefaultBinderFactory:301] - Caching the binder: kafka
15.09.2021 14:14:41.107 [main] [INFO ] [org.springframework.cloud.stream.binder.DefaultBinderFactory:305] - Retrieving cached binder: kafka
15.09.2021 14:14:41.190 [main] [INFO ] [org.springframework.cloud.stream.binder.kafka.provisioning.KafkaTopicProvisioner:158] - Using kafka topic for outbound: elskemp
15.09.2021 14:14:41.194 [main] [INFO ] [org.apache.kafka.clients.admin.AdminClientConfig:361] - AdminClientConfig values: 
	bootstrap.servers = [localhost:9092]
	client.dns.lookup = use_all_dns_ips
	client.id = 
	connections.max.idle.ms = 300000
	default.api.timeout.ms = 60000
	metadata.max.age.ms = 300000
	metric.reporters = []
	metrics.num.samples = 2
	metrics.recording.level = INFO
	metrics.sample.window.ms = 30000
	receive.buffer.bytes = 65536
	reconnect.backoff.max.ms = 1000
	reconnect.backoff.ms = 50
	request.timeout.ms = 30000
	retries = 2147483647
	retry.backoff.ms = 100
	sasl.client.callback.handler.class = null
	sasl.jaas.config = null
	sasl.kerberos.kinit.cmd = /usr/bin/kinit
	sasl.kerberos.min.time.before.relogin = 60000
	sasl.kerberos.service.name = null
	sasl.kerberos.ticket.renew.jitter = 0.05
	sasl.kerberos.ticket.renew.window.factor = 0.8
	sasl.login.callback.handler.class = null
	sasl.login.class = null
	sasl.login.refresh.buffer.seconds = 300
	sasl.login.refresh.min.period.seconds = 60
	sasl.login.refresh.window.factor = 0.8
	sasl.login.refresh.window.jitter = 0.05
	sasl.mechanism = GSSAPI
	security.protocol = PLAINTEXT
	security.providers = null
	send.buffer.bytes = 131072
	socket.connection.setup.timeout.max.ms = 127000
	socket.connection.setup.timeout.ms = 10000
	ssl.cipher.suites = null
	ssl.enabled.protocols = [TLSv1.2, TLSv1.3]
	ssl.endpoint.identification.algorithm = https
	ssl.engine.factory.class = null
	ssl.key.password = null
	ssl.keymanager.algorithm = SunX509
	ssl.keystore.certificate.chain = null
	ssl.keystore.key = null
	ssl.keystore.location = null
	ssl.keystore.password = null
	ssl.keystore.type = JKS
	ssl.protocol = TLSv1.3
	ssl.provider = null
	ssl.secure.random.implementation = null
	ssl.trustmanager.algorithm = PKIX
	ssl.truststore.certificates = null
	ssl.truststore.location = null
	ssl.truststore.password = null
	ssl.truststore.type = JKS

15.09.2021 14:14:41.244 [main] [INFO ] [org.apache.kafka.common.utils.AppInfoParser:119] - Kafka version: 2.7.1
15.09.2021 14:14:41.244 [main] [INFO ] [org.apache.kafka.common.utils.AppInfoParser:120] - Kafka commitId: 61dbce85d0d41457
15.09.2021 14:14:41.244 [main] [INFO ] [org.apache.kafka.common.utils.AppInfoParser:121] - Kafka startTimeMs: 1631704481242
15.09.2021 14:14:41.535 [kafka-admin-client-thread | adminclient-1] [INFO ] [org.apache.kafka.common.utils.AppInfoParser:83] - App info kafka.admin.client for adminclient-1 unregistered
15.09.2021 14:14:41.541 [kafka-admin-client-thread | adminclient-1] [INFO ] [org.apache.kafka.common.metrics.Metrics:668] - Metrics scheduler closed
15.09.2021 14:14:41.541 [kafka-admin-client-thread | adminclient-1] [INFO ] [org.apache.kafka.common.metrics.Metrics:672] - Closing reporter org.apache.kafka.common.metrics.JmxReporter
15.09.2021 14:14:41.542 [kafka-admin-client-thread | adminclient-1] [INFO ] [org.apache.kafka.common.metrics.Metrics:678] - Metrics reporters closed
15.09.2021 14:14:41.548 [main] [INFO ] [org.apache.kafka.clients.producer.ProducerConfig:361] - ProducerConfig values: 
	acks = 1
	batch.size = 16384
	bootstrap.servers = [localhost:9092]
	buffer.memory = 33554432
	client.dns.lookup = use_all_dns_ips
	client.id = producer-1
	compression.type = none
	connections.max.idle.ms = 540000
	delivery.timeout.ms = 120000
	enable.idempotence = false
	interceptor.classes = []
	internal.auto.downgrade.txn.commit = true
	key.serializer = class org.apache.kafka.common.serialization.ByteArraySerializer
	linger.ms = 0
	max.block.ms = 60000
	max.in.flight.requests.per.connection = 5
	max.request.size = 1048576
	metadata.max.age.ms = 300000
	metadata.max.idle.ms = 300000
	metric.reporters = []
	metrics.num.samples = 2
	metrics.recording.level = INFO
	metrics.sample.window.ms = 30000
	partitioner.class = class org.apache.kafka.clients.producer.internals.DefaultPartitioner
	receive.buffer.bytes = 32768
	reconnect.backoff.max.ms = 1000
	reconnect.backoff.ms = 50
	request.timeout.ms = 30000
	retries = 2147483647
	retry.backoff.ms = 100
	sasl.client.callback.handler.class = null
	sasl.jaas.config = null
	sasl.kerberos.kinit.cmd = /usr/bin/kinit
	sasl.kerberos.min.time.before.relogin = 60000
	sasl.kerberos.service.name = null
	sasl.kerberos.ticket.renew.jitter = 0.05
	sasl.kerberos.ticket.renew.window.factor = 0.8
	sasl.login.callback.handler.class = null
	sasl.login.class = null
	sasl.login.refresh.buffer.seconds = 300
	sasl.login.refresh.min.period.seconds = 60
	sasl.login.refresh.window.factor = 0.8
	sasl.login.refresh.window.jitter = 0.05
	sasl.mechanism = GSSAPI
	security.protocol = PLAINTEXT
	security.providers = null
	send.buffer.bytes = 131072
	socket.connection.setup.timeout.max.ms = 127000
	socket.connection.setup.timeout.ms = 10000
	ssl.cipher.suites = null
	ssl.enabled.protocols = [TLSv1.2, TLSv1.3]
	ssl.endpoint.identification.algorithm = https
	ssl.engine.factory.class = null
	ssl.key.password = null
	ssl.keymanager.algorithm = SunX509
	ssl.keystore.certificate.chain = null
	ssl.keystore.key = null
	ssl.keystore.location = null
	ssl.keystore.password = null
	ssl.keystore.type = JKS
	ssl.protocol = TLSv1.3
	ssl.provider = null
	ssl.secure.random.implementation = null
	ssl.trustmanager.algorithm = PKIX
	ssl.truststore.certificates = null
	ssl.truststore.location = null
	ssl.truststore.password = null
	ssl.truststore.type = JKS
	transaction.timeout.ms = 60000
	transactional.id = null
	value.serializer = class org.apache.kafka.common.serialization.ByteArraySerializer

15.09.2021 14:14:41.572 [main] [INFO ] [org.apache.kafka.common.utils.AppInfoParser:119] - Kafka version: 2.7.1
15.09.2021 14:14:41.572 [main] [INFO ] [org.apache.kafka.common.utils.AppInfoParser:120] - Kafka commitId: 61dbce85d0d41457
15.09.2021 14:14:41.572 [main] [INFO ] [org.apache.kafka.common.utils.AppInfoParser:121] - Kafka startTimeMs: 1631704481572
15.09.2021 14:14:41.581 [kafka-producer-network-thread | producer-1] [INFO ] [org.apache.kafka.clients.Metadata:279] - [Producer clientId=producer-1] Cluster ID: xIuHjwwUSa2RysTIFZFGwg
15.09.2021 14:14:41.582 [main] [INFO ] [org.apache.kafka.clients.producer.KafkaProducer:1205] - [Producer clientId=producer-1] Closing the Kafka producer with timeoutMillis = 30000 ms.
15.09.2021 14:14:41.585 [main] [INFO ] [org.apache.kafka.common.metrics.Metrics:668] - Metrics scheduler closed
15.09.2021 14:14:41.585 [main] [INFO ] [org.apache.kafka.common.metrics.Metrics:672] - Closing reporter org.apache.kafka.common.metrics.JmxReporter
15.09.2021 14:14:41.585 [main] [INFO ] [org.apache.kafka.common.metrics.Metrics:678] - Metrics reporters closed
15.09.2021 14:14:41.585 [main] [INFO ] [org.apache.kafka.common.utils.AppInfoParser:83] - App info kafka.producer for producer-1 unregistered
15.09.2021 14:14:41.596 [main] [INFO ] [org.springframework.cloud.stream.messaging.DirectWithAttributesChannel:174] - Channel 'application.output' has 1 subscriber(s).
15.09.2021 14:14:41.598 [main] [INFO ] [org.apache.coyote.http11.Http11NioProtocol:173] - Starting ProtocolHandler ["http-nio-9192"]
15.09.2021 14:14:41.616 [main] [INFO ] [org.springframework.boot.web.embedded.tomcat.TomcatWebServer:220] - Tomcat started on port(s): 9192 (http) with context path ''
15.09.2021 14:14:41.682 [main] [INFO ] [org.javamentor.producer.ProducerApplication:61] - Started ProducerApplication in 4.105 seconds (JVM running for 5.209)
15.09.2021 14:15:15.747 [http-nio-9192-exec-2] [INFO ] [org.apache.catalina.core.ContainerBase.[Tomcat].[localhost].[/]:173] - Initializing Spring DispatcherServlet 'dispatcherServlet'
15.09.2021 14:15:15.747 [http-nio-9192-exec-2] [INFO ] [org.springframework.web.servlet.DispatcherServlet:525] - Initializing Servlet 'dispatcherServlet'
15.09.2021 14:15:15.749 [http-nio-9192-exec-2] [INFO ] [org.springframework.web.servlet.DispatcherServlet:547] - Completed initialization in 2 ms
15.09.2021 14:15:15.883 [http-nio-9192-exec-2] [INFO ] [org.apache.kafka.clients.producer.ProducerConfig:361] - ProducerConfig values: 
	acks = 1
	batch.size = 16384
	bootstrap.servers = [localhost:9092]
	buffer.memory = 33554432
	client.dns.lookup = use_all_dns_ips
	client.id = producer-2
	compression.type = none
	connections.max.idle.ms = 540000
	delivery.timeout.ms = 120000
	enable.idempotence = false
	interceptor.classes = []
	internal.auto.downgrade.txn.commit = true
	key.serializer = class org.apache.kafka.common.serialization.ByteArraySerializer
	linger.ms = 0
	max.block.ms = 60000
	max.in.flight.requests.per.connection = 5
	max.request.size = 1048576
	metadata.max.age.ms = 300000
	metadata.max.idle.ms = 300000
	metric.reporters = []
	metrics.num.samples = 2
	metrics.recording.level = INFO
	metrics.sample.window.ms = 30000
	partitioner.class = class org.apache.kafka.clients.producer.internals.DefaultPartitioner
	receive.buffer.bytes = 32768
	reconnect.backoff.max.ms = 1000
	reconnect.backoff.ms = 50
	request.timeout.ms = 30000
	retries = 2147483647
	retry.backoff.ms = 100
	sasl.client.callback.handler.class = null
	sasl.jaas.config = null
	sasl.kerberos.kinit.cmd = /usr/bin/kinit
	sasl.kerberos.min.time.before.relogin = 60000
	sasl.kerberos.service.name = null
	sasl.kerberos.ticket.renew.jitter = 0.05
	sasl.kerberos.ticket.renew.window.factor = 0.8
	sasl.login.callback.handler.class = null
	sasl.login.class = null
	sasl.login.refresh.buffer.seconds = 300
	sasl.login.refresh.min.period.seconds = 60
	sasl.login.refresh.window.factor = 0.8
	sasl.login.refresh.window.jitter = 0.05
	sasl.mechanism = GSSAPI
	security.protocol = PLAINTEXT
	security.providers = null
	send.buffer.bytes = 131072
	socket.connection.setup.timeout.max.ms = 127000
	socket.connection.setup.timeout.ms = 10000
	ssl.cipher.suites = null
	ssl.enabled.protocols = [TLSv1.2, TLSv1.3]
	ssl.endpoint.identification.algorithm = https
	ssl.engine.factory.class = null
	ssl.key.password = null
	ssl.keymanager.algorithm = SunX509
	ssl.keystore.certificate.chain = null
	ssl.keystore.key = null
	ssl.keystore.location = null
	ssl.keystore.password = null
	ssl.keystore.type = JKS
	ssl.protocol = TLSv1.3
	ssl.provider = null
	ssl.secure.random.implementation = null
	ssl.trustmanager.algorithm = PKIX
	ssl.truststore.certificates = null
	ssl.truststore.location = null
	ssl.truststore.password = null
	ssl.truststore.type = JKS
	transaction.timeout.ms = 60000
	transactional.id = null
	value.serializer = class org.apache.kafka.common.serialization.ByteArraySerializer

15.09.2021 14:15:15.893 [http-nio-9192-exec-2] [INFO ] [org.apache.kafka.common.utils.AppInfoParser:119] - Kafka version: 2.7.1
15.09.2021 14:15:15.893 [http-nio-9192-exec-2] [INFO ] [org.apache.kafka.common.utils.AppInfoParser:120] - Kafka commitId: 61dbce85d0d41457
15.09.2021 14:15:15.894 [http-nio-9192-exec-2] [INFO ] [org.apache.kafka.common.utils.AppInfoParser:121] - Kafka startTimeMs: 1631704515893
15.09.2021 14:15:15.900 [kafka-producer-network-thread | producer-2] [INFO ] [org.apache.kafka.clients.Metadata:279] - [Producer clientId=producer-2] Cluster ID: xIuHjwwUSa2RysTIFZFGwg
15.09.2021 14:24:56.345 [background-preinit] [INFO ] [org.hibernate.validator.internal.util.Version:21] - HV000001: Hibernate Validator 6.2.0.Final
15.09.2021 14:24:56.348 [main] [INFO ] [org.javamentor.producer.ProducerApplication:55] - Starting ProducerApplication using Java 16.0.1 on DESKTOP-PFC6VVA with PID 12284 (C:\Users\elskemp\IdeaProjects\2021\jm_social_project_micro\Microservices\kafka-docker\producer\target\classes started by elskemp in C:\Users\elskemp\IdeaProjects\2021\jm_social_project_micro)
15.09.2021 14:24:56.348 [main] [INFO ] [org.javamentor.producer.ProducerApplication:659] - No active profile set, falling back to default profiles: default
15.09.2021 14:24:57.280 [main] [INFO ] [org.springframework.cloud.context.scope.GenericScope:283] - BeanFactory id=69a78fd1-06d4-38cf-9024-8f8ec595d47d
15.09.2021 14:24:57.300 [main] [INFO ] [org.springframework.integration.config.DefaultConfiguringBeanFactoryPostProcessor:292] - No bean named 'errorChannel' has been explicitly defined. Therefore, a default PublishSubscribeChannel will be created.
15.09.2021 14:24:57.312 [main] [INFO ] [org.springframework.integration.config.DefaultConfiguringBeanFactoryPostProcessor:292] - No bean named 'integrationHeaderChannelRegistry' has been explicitly defined. Therefore, a default DefaultHeaderChannelRegistry will be created.
15.09.2021 14:24:57.374 [main] [INFO ] [org.springframework.context.support.PostProcessorRegistrationDelegate$BeanPostProcessorChecker:376] - Bean 'integrationChannelResolver' of type [org.springframework.integration.support.channel.BeanFactoryChannelResolver] is not eligible for getting processed by all BeanPostProcessors (for example: not eligible for auto-proxying)
15.09.2021 14:24:57.379 [main] [INFO ] [org.springframework.context.support.PostProcessorRegistrationDelegate$BeanPostProcessorChecker:376] - Bean 'integrationDisposableAutoCreatedBeans' of type [org.springframework.integration.config.annotation.Disposables] is not eligible for getting processed by all BeanPostProcessors (for example: not eligible for auto-proxying)
15.09.2021 14:24:57.389 [main] [INFO ] [org.springframework.context.support.PostProcessorRegistrationDelegate$BeanPostProcessorChecker:376] - Bean 'org.springframework.integration.config.IntegrationManagementConfiguration' of type [org.springframework.integration.config.IntegrationManagementConfiguration] is not eligible for getting processed by all BeanPostProcessors (for example: not eligible for auto-proxying)
15.09.2021 14:24:57.394 [main] [INFO ] [org.springframework.context.support.PostProcessorRegistrationDelegate$BeanPostProcessorChecker:376] - Bean 'org.springframework.boot.autoconfigure.integration.IntegrationAutoConfiguration$IntegrationJmxConfiguration' of type [org.springframework.boot.autoconfigure.integration.IntegrationAutoConfiguration$IntegrationJmxConfiguration] is not eligible for getting processed by all BeanPostProcessors (for example: not eligible for auto-proxying)
15.09.2021 14:24:57.401 [main] [INFO ] [org.springframework.context.support.PostProcessorRegistrationDelegate$BeanPostProcessorChecker:376] - Bean 'org.springframework.boot.autoconfigure.jmx.JmxAutoConfiguration' of type [org.springframework.boot.autoconfigure.jmx.JmxAutoConfiguration] is not eligible for getting processed by all BeanPostProcessors (for example: not eligible for auto-proxying)
15.09.2021 14:24:57.405 [main] [INFO ] [org.springframework.context.support.PostProcessorRegistrationDelegate$BeanPostProcessorChecker:376] - Bean 'mbeanServer' of type [com.sun.jmx.mbeanserver.JmxMBeanServer] is not eligible for getting processed by all BeanPostProcessors (for example: not eligible for auto-proxying)
15.09.2021 14:24:57.672 [main] [INFO ] [org.springframework.boot.web.embedded.tomcat.TomcatWebServer:108] - Tomcat initialized with port(s): 9192 (http)
15.09.2021 14:24:57.681 [main] [INFO ] [org.apache.coyote.http11.Http11NioProtocol:173] - Initializing ProtocolHandler ["http-nio-9192"]
15.09.2021 14:24:57.681 [main] [INFO ] [org.apache.catalina.core.StandardService:173] - Starting service [Tomcat]
15.09.2021 14:24:57.682 [main] [INFO ] [org.apache.catalina.core.StandardEngine:173] - Starting Servlet engine: [Apache Tomcat/9.0.52]
15.09.2021 14:24:57.836 [main] [INFO ] [org.apache.catalina.core.ContainerBase.[Tomcat].[localhost].[/]:173] - Initializing Spring embedded WebApplicationContext
15.09.2021 14:24:57.836 [main] [INFO ] [org.springframework.boot.web.servlet.context.ServletWebServerApplicationContext:290] - Root WebApplicationContext: initialization completed in 1422 ms
15.09.2021 14:24:58.501 [main] [INFO ] [org.springframework.cloud.stream.function.FunctionConfiguration$FunctionBindingRegistrar:844] - Functional binding is disabled due to the presense of @EnableBinding annotation in your configuration
15.09.2021 14:24:58.703 [main] [INFO ] [org.springframework.integration.monitor.IntegrationMBeanExporter:682] - Registering MessageChannel output
15.09.2021 14:24:58.760 [main] [INFO ] [org.springframework.integration.monitor.IntegrationMBeanExporter:682] - Registering MessageChannel errorChannel
15.09.2021 14:24:58.788 [main] [INFO ] [org.springframework.integration.monitor.IntegrationMBeanExporter:682] - Registering MessageChannel nullChannel
15.09.2021 14:24:58.799 [main] [INFO ] [org.springframework.integration.monitor.IntegrationMBeanExporter:700] - Registering MessageHandler _org.springframework.integration.errorLogger
15.09.2021 14:24:58.840 [main] [INFO ] [org.springframework.integration.endpoint.EventDrivenConsumer:174] - Adding {logging-channel-adapter:_org.springframework.integration.errorLogger} as a subscriber to the 'errorChannel' channel
15.09.2021 14:24:58.840 [main] [INFO ] [org.springframework.integration.channel.PublishSubscribeChannel:174] - Channel 'application.errorChannel' has 1 subscriber(s).
15.09.2021 14:24:58.840 [main] [INFO ] [org.springframework.integration.endpoint.EventDrivenConsumer:292] - started bean '_org.springframework.integration.errorLogger'
15.09.2021 14:24:58.841 [main] [INFO ] [org.springframework.cloud.stream.binder.DefaultBinderFactory:252] - Creating binder: kafka
15.09.2021 14:24:58.940 [main] [INFO ] [org.springframework.cloud.stream.binder.DefaultBinderFactory:301] - Caching the binder: kafka
15.09.2021 14:24:58.940 [main] [INFO ] [org.springframework.cloud.stream.binder.DefaultBinderFactory:305] - Retrieving cached binder: kafka
15.09.2021 14:24:59.010 [main] [INFO ] [org.springframework.cloud.stream.binder.kafka.provisioning.KafkaTopicProvisioner:158] - Using kafka topic for outbound: elskemp
15.09.2021 14:24:59.014 [main] [INFO ] [org.apache.kafka.clients.admin.AdminClientConfig:361] - AdminClientConfig values: 
	bootstrap.servers = [localhost:9092]
	client.dns.lookup = use_all_dns_ips
	client.id = 
	connections.max.idle.ms = 300000
	default.api.timeout.ms = 60000
	metadata.max.age.ms = 300000
	metric.reporters = []
	metrics.num.samples = 2
	metrics.recording.level = INFO
	metrics.sample.window.ms = 30000
	receive.buffer.bytes = 65536
	reconnect.backoff.max.ms = 1000
	reconnect.backoff.ms = 50
	request.timeout.ms = 30000
	retries = 2147483647
	retry.backoff.ms = 100
	sasl.client.callback.handler.class = null
	sasl.jaas.config = null
	sasl.kerberos.kinit.cmd = /usr/bin/kinit
	sasl.kerberos.min.time.before.relogin = 60000
	sasl.kerberos.service.name = null
	sasl.kerberos.ticket.renew.jitter = 0.05
	sasl.kerberos.ticket.renew.window.factor = 0.8
	sasl.login.callback.handler.class = null
	sasl.login.class = null
	sasl.login.refresh.buffer.seconds = 300
	sasl.login.refresh.min.period.seconds = 60
	sasl.login.refresh.window.factor = 0.8
	sasl.login.refresh.window.jitter = 0.05
	sasl.mechanism = GSSAPI
	security.protocol = PLAINTEXT
	security.providers = null
	send.buffer.bytes = 131072
	socket.connection.setup.timeout.max.ms = 127000
	socket.connection.setup.timeout.ms = 10000
	ssl.cipher.suites = null
	ssl.enabled.protocols = [TLSv1.2, TLSv1.3]
	ssl.endpoint.identification.algorithm = https
	ssl.engine.factory.class = null
	ssl.key.password = null
	ssl.keymanager.algorithm = SunX509
	ssl.keystore.certificate.chain = null
	ssl.keystore.key = null
	ssl.keystore.location = null
	ssl.keystore.password = null
	ssl.keystore.type = JKS
	ssl.protocol = TLSv1.3
	ssl.provider = null
	ssl.secure.random.implementation = null
	ssl.trustmanager.algorithm = PKIX
	ssl.truststore.certificates = null
	ssl.truststore.location = null
	ssl.truststore.password = null
	ssl.truststore.type = JKS

15.09.2021 14:24:59.113 [main] [INFO ] [org.apache.kafka.common.utils.AppInfoParser:119] - Kafka version: 2.7.1
15.09.2021 14:24:59.114 [main] [INFO ] [org.apache.kafka.common.utils.AppInfoParser:120] - Kafka commitId: 61dbce85d0d41457
15.09.2021 14:24:59.114 [main] [INFO ] [org.apache.kafka.common.utils.AppInfoParser:121] - Kafka startTimeMs: 1631705099111
15.09.2021 14:24:59.383 [kafka-admin-client-thread | adminclient-1] [INFO ] [org.apache.kafka.common.utils.AppInfoParser:83] - App info kafka.admin.client for adminclient-1 unregistered
15.09.2021 14:24:59.388 [kafka-admin-client-thread | adminclient-1] [INFO ] [org.apache.kafka.common.metrics.Metrics:668] - Metrics scheduler closed
15.09.2021 14:24:59.389 [kafka-admin-client-thread | adminclient-1] [INFO ] [org.apache.kafka.common.metrics.Metrics:672] - Closing reporter org.apache.kafka.common.metrics.JmxReporter
15.09.2021 14:24:59.389 [kafka-admin-client-thread | adminclient-1] [INFO ] [org.apache.kafka.common.metrics.Metrics:678] - Metrics reporters closed
15.09.2021 14:24:59.397 [main] [INFO ] [org.apache.kafka.clients.producer.ProducerConfig:361] - ProducerConfig values: 
	acks = 1
	batch.size = 16384
	bootstrap.servers = [localhost:9092]
	buffer.memory = 33554432
	client.dns.lookup = use_all_dns_ips
	client.id = producer-1
	compression.type = none
	connections.max.idle.ms = 540000
	delivery.timeout.ms = 120000
	enable.idempotence = false
	interceptor.classes = []
	internal.auto.downgrade.txn.commit = true
	key.serializer = class org.apache.kafka.common.serialization.ByteArraySerializer
	linger.ms = 0
	max.block.ms = 60000
	max.in.flight.requests.per.connection = 5
	max.request.size = 1048576
	metadata.max.age.ms = 300000
	metadata.max.idle.ms = 300000
	metric.reporters = []
	metrics.num.samples = 2
	metrics.recording.level = INFO
	metrics.sample.window.ms = 30000
	partitioner.class = class org.apache.kafka.clients.producer.internals.DefaultPartitioner
	receive.buffer.bytes = 32768
	reconnect.backoff.max.ms = 1000
	reconnect.backoff.ms = 50
	request.timeout.ms = 30000
	retries = 2147483647
	retry.backoff.ms = 100
	sasl.client.callback.handler.class = null
	sasl.jaas.config = null
	sasl.kerberos.kinit.cmd = /usr/bin/kinit
	sasl.kerberos.min.time.before.relogin = 60000
	sasl.kerberos.service.name = null
	sasl.kerberos.ticket.renew.jitter = 0.05
	sasl.kerberos.ticket.renew.window.factor = 0.8
	sasl.login.callback.handler.class = null
	sasl.login.class = null
	sasl.login.refresh.buffer.seconds = 300
	sasl.login.refresh.min.period.seconds = 60
	sasl.login.refresh.window.factor = 0.8
	sasl.login.refresh.window.jitter = 0.05
	sasl.mechanism = GSSAPI
	security.protocol = PLAINTEXT
	security.providers = null
	send.buffer.bytes = 131072
	socket.connection.setup.timeout.max.ms = 127000
	socket.connection.setup.timeout.ms = 10000
	ssl.cipher.suites = null
	ssl.enabled.protocols = [TLSv1.2, TLSv1.3]
	ssl.endpoint.identification.algorithm = https
	ssl.engine.factory.class = null
	ssl.key.password = null
	ssl.keymanager.algorithm = SunX509
	ssl.keystore.certificate.chain = null
	ssl.keystore.key = null
	ssl.keystore.location = null
	ssl.keystore.password = null
	ssl.keystore.type = JKS
	ssl.protocol = TLSv1.3
	ssl.provider = null
	ssl.secure.random.implementation = null
	ssl.trustmanager.algorithm = PKIX
	ssl.truststore.certificates = null
	ssl.truststore.location = null
	ssl.truststore.password = null
	ssl.truststore.type = JKS
	transaction.timeout.ms = 60000
	transactional.id = null
	value.serializer = class org.apache.kafka.common.serialization.ByteArraySerializer

15.09.2021 14:24:59.420 [main] [INFO ] [org.apache.kafka.common.utils.AppInfoParser:119] - Kafka version: 2.7.1
15.09.2021 14:24:59.420 [main] [INFO ] [org.apache.kafka.common.utils.AppInfoParser:120] - Kafka commitId: 61dbce85d0d41457
15.09.2021 14:24:59.420 [main] [INFO ] [org.apache.kafka.common.utils.AppInfoParser:121] - Kafka startTimeMs: 1631705099420
15.09.2021 14:24:59.429 [kafka-producer-network-thread | producer-1] [INFO ] [org.apache.kafka.clients.Metadata:279] - [Producer clientId=producer-1] Cluster ID: xIuHjwwUSa2RysTIFZFGwg
15.09.2021 14:24:59.430 [main] [INFO ] [org.apache.kafka.clients.producer.KafkaProducer:1205] - [Producer clientId=producer-1] Closing the Kafka producer with timeoutMillis = 30000 ms.
15.09.2021 14:24:59.433 [main] [INFO ] [org.apache.kafka.common.metrics.Metrics:668] - Metrics scheduler closed
15.09.2021 14:24:59.433 [main] [INFO ] [org.apache.kafka.common.metrics.Metrics:672] - Closing reporter org.apache.kafka.common.metrics.JmxReporter
15.09.2021 14:24:59.433 [main] [INFO ] [org.apache.kafka.common.metrics.Metrics:678] - Metrics reporters closed
15.09.2021 14:24:59.434 [main] [INFO ] [org.apache.kafka.common.utils.AppInfoParser:83] - App info kafka.producer for producer-1 unregistered
15.09.2021 14:24:59.441 [main] [INFO ] [org.springframework.cloud.stream.messaging.DirectWithAttributesChannel:174] - Channel 'application.output' has 1 subscriber(s).
15.09.2021 14:24:59.443 [main] [INFO ] [org.apache.coyote.http11.Http11NioProtocol:173] - Starting ProtocolHandler ["http-nio-9192"]
15.09.2021 14:24:59.452 [main] [INFO ] [org.springframework.boot.web.embedded.tomcat.TomcatWebServer:220] - Tomcat started on port(s): 9192 (http) with context path ''
15.09.2021 14:24:59.520 [main] [INFO ] [org.javamentor.producer.ProducerApplication:61] - Started ProducerApplication in 4.064 seconds (JVM running for 5.645)
15.09.2021 14:25:17.174 [http-nio-9192-exec-2] [INFO ] [org.apache.catalina.core.ContainerBase.[Tomcat].[localhost].[/]:173] - Initializing Spring DispatcherServlet 'dispatcherServlet'
15.09.2021 14:25:17.175 [http-nio-9192-exec-2] [INFO ] [org.springframework.web.servlet.DispatcherServlet:525] - Initializing Servlet 'dispatcherServlet'
15.09.2021 14:25:17.176 [http-nio-9192-exec-2] [INFO ] [org.springframework.web.servlet.DispatcherServlet:547] - Completed initialization in 1 ms
15.09.2021 14:25:17.276 [http-nio-9192-exec-2] [INFO ] [org.apache.kafka.clients.producer.ProducerConfig:361] - ProducerConfig values: 
	acks = 1
	batch.size = 16384
	bootstrap.servers = [localhost:9092]
	buffer.memory = 33554432
	client.dns.lookup = use_all_dns_ips
	client.id = producer-2
	compression.type = none
	connections.max.idle.ms = 540000
	delivery.timeout.ms = 120000
	enable.idempotence = false
	interceptor.classes = []
	internal.auto.downgrade.txn.commit = true
	key.serializer = class org.apache.kafka.common.serialization.ByteArraySerializer
	linger.ms = 0
	max.block.ms = 60000
	max.in.flight.requests.per.connection = 5
	max.request.size = 1048576
	metadata.max.age.ms = 300000
	metadata.max.idle.ms = 300000
	metric.reporters = []
	metrics.num.samples = 2
	metrics.recording.level = INFO
	metrics.sample.window.ms = 30000
	partitioner.class = class org.apache.kafka.clients.producer.internals.DefaultPartitioner
	receive.buffer.bytes = 32768
	reconnect.backoff.max.ms = 1000
	reconnect.backoff.ms = 50
	request.timeout.ms = 30000
	retries = 2147483647
	retry.backoff.ms = 100
	sasl.client.callback.handler.class = null
	sasl.jaas.config = null
	sasl.kerberos.kinit.cmd = /usr/bin/kinit
	sasl.kerberos.min.time.before.relogin = 60000
	sasl.kerberos.service.name = null
	sasl.kerberos.ticket.renew.jitter = 0.05
	sasl.kerberos.ticket.renew.window.factor = 0.8
	sasl.login.callback.handler.class = null
	sasl.login.class = null
	sasl.login.refresh.buffer.seconds = 300
	sasl.login.refresh.min.period.seconds = 60
	sasl.login.refresh.window.factor = 0.8
	sasl.login.refresh.window.jitter = 0.05
	sasl.mechanism = GSSAPI
	security.protocol = PLAINTEXT
	security.providers = null
	send.buffer.bytes = 131072
	socket.connection.setup.timeout.max.ms = 127000
	socket.connection.setup.timeout.ms = 10000
	ssl.cipher.suites = null
	ssl.enabled.protocols = [TLSv1.2, TLSv1.3]
	ssl.endpoint.identification.algorithm = https
	ssl.engine.factory.class = null
	ssl.key.password = null
	ssl.keymanager.algorithm = SunX509
	ssl.keystore.certificate.chain = null
	ssl.keystore.key = null
	ssl.keystore.location = null
	ssl.keystore.password = null
	ssl.keystore.type = JKS
	ssl.protocol = TLSv1.3
	ssl.provider = null
	ssl.secure.random.implementation = null
	ssl.trustmanager.algorithm = PKIX
	ssl.truststore.certificates = null
	ssl.truststore.location = null
	ssl.truststore.password = null
	ssl.truststore.type = JKS
	transaction.timeout.ms = 60000
	transactional.id = null
	value.serializer = class org.apache.kafka.common.serialization.ByteArraySerializer

15.09.2021 14:25:17.286 [http-nio-9192-exec-2] [INFO ] [org.apache.kafka.common.utils.AppInfoParser:119] - Kafka version: 2.7.1
15.09.2021 14:25:17.286 [http-nio-9192-exec-2] [INFO ] [org.apache.kafka.common.utils.AppInfoParser:120] - Kafka commitId: 61dbce85d0d41457
15.09.2021 14:25:17.286 [http-nio-9192-exec-2] [INFO ] [org.apache.kafka.common.utils.AppInfoParser:121] - Kafka startTimeMs: 1631705117286
15.09.2021 14:25:17.291 [kafka-producer-network-thread | producer-2] [INFO ] [org.apache.kafka.clients.Metadata:279] - [Producer clientId=producer-2] Cluster ID: xIuHjwwUSa2RysTIFZFGwg
